<?xml version="1.0" encoding="UTF-8"?>
<!-- Generated by org.testng.reporters.JUnitReportReporter -->
<testsuite hostname="WINDOWS-BF3G247" failures="0" tests="1" name="com.crm.qa.TestCases.LoginPageTest" time="10.489" errors="0" timestamp="2020-08-24T00:31:26 IST" skipped="0">
  <testcase classname="com.crm.qa.TestCases.LoginPageTest" name="test" time="10.489"/>
  <system-out/>
</testsuite> <!-- com.crm.qa.TestCases.LoginPageTest -->
