<?xml version="1.0" encoding="UTF-8"?>
<!-- Generated by org.testng.reporters.JUnitReportReporter -->
<testsuite hostname="WINDOWS-BF3G247" failures="0" tests="2" name="com.crm.qa.TestCases.HomePageTest" time="23.397" errors="0" timestamp="2020-08-24T00:31:26 IST" skipped="0">
  <testcase classname="com.crm.qa.TestCases.HomePageTest" name="dealsClick" time="11.561"/>
  <system-out/>
  <testcase classname="com.crm.qa.TestCases.HomePageTest" name="companiesClick" time="11.836"/>
  <system-out/>
</testsuite> <!-- com.crm.qa.TestCases.HomePageTest -->
